{"level":"info","message":"Redis connected","timestamp":"2026-02-25 07:33:22"}
{"level":"info","message":"Redis connected","timestamp":"2026-02-25 07:39:14"}
{"level":"info","message":"Redis connected","timestamp":"2026-02-25 07:42:17"}
{"level":"info","message":"Database connected","timestamp":"2026-02-25 07:42:17"}
{"level":"info","message":"Redis connected","timestamp":"2026-02-25 07:52:18"}
{"level":"info","message":"Database connected","timestamp":"2026-02-25 07:52:18"}
{"level":"info","message":"Redis connected","timestamp":"2026-02-25 07:57:07"}
{"level":"info","message":"Database connected","timestamp":"2026-02-25 07:57:07"}
{"level":"info","message":"Scoring worker started","timestamp":"2026-02-25 07:57:07"}
{"environment":"development","level":"info","message":"GovCon Platform server running","pid":31,"port":3001,"timestamp":"2026-02-25 07:57:07"}
{"level":"error","message":"Unhandled error [\n  {\n    \"code\": \"invalid_type\",\n    \"expected\": \"string\",\n    \"received\": \"undefined\",\n    \"path\": [\n      \"email\"\n    ],\n    \"message\": \"Required\"\n  },\n  {\n    \"code\": \"invalid_type\",\n    \"expected\": \"string\",\n    \"received\": \"undefined\",\n    \"path\": [\n      \"password\"\n    ],\n    \"message\": \"Required\"\n  }\n]","method":"POST","path":"/api/auth/login","stack":"ZodError: [\n  {\n    \"code\": \"invalid_type\",\n    \"expected\": \"string\",\n    \"received\": \"undefined\",\n    \"path\": [\n      \"email\"\n    ],\n    \"message\": \"Required\"\n  },\n  {\n    \"code\": \"invalid_type\",\n    \"expected\": \"string\",\n    \"received\": \"undefined\",\n    \"path\": [\n      \"password\"\n    ],\n    \"message\": \"Required\"\n  }\n]\n    at Object.get error [as error] (/app/node_modules/zod/v3/types.cjs:45:31)\n    at ZodObject.parse (/app/node_modules/zod/v3/types.cjs:120:22)\n    at /app/src/routes/auth.ts:125:45\n    at Layer.handle [as handle_request] (/app/node_modules/express/lib/router/layer.js:95:5)\n    at next (/app/node_modules/express/lib/router/route.js:149:13)\n    at Route.dispatch (/app/node_modules/express/lib/router/route.js:119:3)\n    at Layer.handle [as handle_request] (/app/node_modules/express/lib/router/layer.js:95:5)\n    at /app/node_modules/express/lib/router/index.js:284:15\n    at Function.process_params (/app/node_modules/express/lib/router/index.js:346:12)\n    at next (/app/node_modules/express/lib/router/index.js:280:10)","timestamp":"2026-02-25 08:01:07"}
{"level":"error","message":"Unhandled error [\n  {\n    \"code\": \"invalid_type\",\n    \"expected\": \"string\",\n    \"received\": \"undefined\",\n    \"path\": [\n      \"email\"\n    ],\n    \"message\": \"Required\"\n  },\n  {\n    \"code\": \"invalid_type\",\n    \"expected\": \"string\",\n    \"received\": \"undefined\",\n    \"path\": [\n      \"password\"\n    ],\n    \"message\": \"Required\"\n  }\n]","method":"POST","path":"/api/auth/login","stack":"ZodError: [\n  {\n    \"code\": \"invalid_type\",\n    \"expected\": \"string\",\n    \"received\": \"undefined\",\n    \"path\": [\n      \"email\"\n    ],\n    \"message\": \"Required\"\n  },\n  {\n    \"code\": \"invalid_type\",\n    \"expected\": \"string\",\n    \"received\": \"undefined\",\n    \"path\": [\n      \"password\"\n    ],\n    \"message\": \"Required\"\n  }\n]\n    at Object.get error [as error] (/app/node_modules/zod/v3/types.cjs:45:31)\n    at ZodObject.parse (/app/node_modules/zod/v3/types.cjs:120:22)\n    at /app/src/routes/auth.ts:125:45\n    at Layer.handle [as handle_request] (/app/node_modules/express/lib/router/layer.js:95:5)\n    at next (/app/node_modules/express/lib/router/route.js:149:13)\n    at Route.dispatch (/app/node_modules/express/lib/router/route.js:119:3)\n    at Layer.handle [as handle_request] (/app/node_modules/express/lib/router/layer.js:95:5)\n    at /app/node_modules/express/lib/router/index.js:284:15\n    at Function.process_params (/app/node_modules/express/lib/router/index.js:346:12)\n    at next (/app/node_modules/express/lib/router/index.js:280:10)","timestamp":"2026-02-25 08:01:14"}
{"level":"error","message":"Unhandled error [\n  {\n    \"code\": \"invalid_type\",\n    \"expected\": \"string\",\n    \"received\": \"undefined\",\n    \"path\": [\n      \"email\"\n    ],\n    \"message\": \"Required\"\n  },\n  {\n    \"code\": \"invalid_type\",\n    \"expected\": \"string\",\n    \"received\": \"undefined\",\n    \"path\": [\n      \"password\"\n    ],\n    \"message\": \"Required\"\n  }\n]","method":"POST","path":"/api/auth/login","stack":"ZodError: [\n  {\n    \"code\": \"invalid_type\",\n    \"expected\": \"string\",\n    \"received\": \"undefined\",\n    \"path\": [\n      \"email\"\n    ],\n    \"message\": \"Required\"\n  },\n  {\n    \"code\": \"invalid_type\",\n    \"expected\": \"string\",\n    \"received\": \"undefined\",\n    \"path\": [\n      \"password\"\n    ],\n    \"message\": \"Required\"\n  }\n]\n    at Object.get error [as error] (/app/node_modules/zod/v3/types.cjs:45:31)\n    at ZodObject.parse (/app/node_modules/zod/v3/types.cjs:120:22)\n    at /app/src/routes/auth.ts:125:45\n    at Layer.handle [as handle_request] (/app/node_modules/express/lib/router/layer.js:95:5)\n    at next (/app/node_modules/express/lib/router/route.js:149:13)\n    at Route.dispatch (/app/node_modules/express/lib/router/route.js:119:3)\n    at Layer.handle [as handle_request] (/app/node_modules/express/lib/router/layer.js:95:5)\n    at /app/node_modules/express/lib/router/index.js:284:15\n    at Function.process_params (/app/node_modules/express/lib/router/index.js:346:12)\n    at next (/app/node_modules/express/lib/router/index.js:280:10)","timestamp":"2026-02-25 08:01:16"}
{"code":"UNAUTHORIZED","level":"warn","message":"Client error Invalid credentials","path":"/api/auth/login","statusCode":401,"timestamp":"2026-02-25 08:03:15"}
{"level":"error","message":"Unhandled error Bad control character in string literal in JSON at position 36","method":"POST","path":"/api/auth/login","stack":"SyntaxError: Bad control character in string literal in JSON at position 36\n    at JSON.parse (<anonymous>)\n    at parse (/app/node_modules/body-parser/lib/types/json.js:92:19)\n    at /app/node_modules/body-parser/lib/read.js:128:18\n    at AsyncResource.runInAsyncScope (node:async_hooks:206:9)\n    at invokeCallback (/app/node_modules/raw-body/index.js:238:16)\n    at done (/app/node_modules/raw-body/index.js:227:7)\n    at IncomingMessage.onEnd (/app/node_modules/raw-body/index.js:287:7)\n    at IncomingMessage.emit (node:events:524:28)\n    at endReadableNT (node:internal/streams/readable:1698:12)\n    at processTicksAndRejections (node:internal/process/task_queues:82:21)","timestamp":"2026-02-25 08:04:49"}
{"level":"error","message":"Unhandled error Bad control character in string literal in JSON at position 35","method":"POST","path":"/api/auth/login","stack":"SyntaxError: Bad control character in string literal in JSON at position 35\n    at JSON.parse (<anonymous>)\n    at parse (/app/node_modules/body-parser/lib/types/json.js:92:19)\n    at /app/node_modules/body-parser/lib/read.js:128:18\n    at AsyncResource.runInAsyncScope (node:async_hooks:206:9)\n    at invokeCallback (/app/node_modules/raw-body/index.js:238:16)\n    at done (/app/node_modules/raw-body/index.js:227:7)\n    at IncomingMessage.onEnd (/app/node_modules/raw-body/index.js:287:7)\n    at IncomingMessage.emit (node:events:524:28)\n    at endReadableNT (node:internal/streams/readable:1698:12)\n    at processTicksAndRejections (node:internal/process/task_queues:82:21)","timestamp":"2026-02-25 08:05:10"}
{"level":"info","message":"Redis connected","timestamp":"2026-02-25 22:00:45"}
{"level":"info","message":"Database connected","timestamp":"2026-02-25 22:00:45"}
{"level":"info","message":"Scoring worker started","timestamp":"2026-02-25 22:00:45"}
{"environment":"development","level":"info","message":"GovCon Platform server running","pid":31,"port":3001,"timestamp":"2026-02-25 22:00:45"}
{"level":"error","message":"Unhandled error Unexpected token 'e', \"email: adm\"... is not valid JSON","method":"POST","path":"/api/auth/login","stack":"SyntaxError: Unexpected token 'e', \"email: adm\"... is not valid JSON\n    at JSON.parse (<anonymous>)\n    at createStrictSyntaxError (/app/node_modules/body-parser/lib/types/json.js:169:10)\n    at parse (/app/node_modules/body-parser/lib/types/json.js:86:15)\n    at /app/node_modules/body-parser/lib/read.js:128:18\n    at AsyncResource.runInAsyncScope (node:async_hooks:206:9)\n    at invokeCallback (/app/node_modules/raw-body/index.js:238:16)\n    at done (/app/node_modules/raw-body/index.js:227:7)\n    at IncomingMessage.onEnd (/app/node_modules/raw-body/index.js:287:7)\n    at IncomingMessage.emit (node:events:524:28)\n    at endReadableNT (node:internal/streams/readable:1698:12)","timestamp":"2026-02-25 22:01:06"}
{"level":"error","message":"Unhandled error Unexpected token 'e', \"email: adm\"... is not valid JSON","method":"POST","path":"/api/auth/login","stack":"SyntaxError: Unexpected token 'e', \"email: adm\"... is not valid JSON\n    at JSON.parse (<anonymous>)\n    at createStrictSyntaxError (/app/node_modules/body-parser/lib/types/json.js:169:10)\n    at parse (/app/node_modules/body-parser/lib/types/json.js:86:15)\n    at /app/node_modules/body-parser/lib/read.js:128:18\n    at AsyncResource.runInAsyncScope (node:async_hooks:206:9)\n    at invokeCallback (/app/node_modules/raw-body/index.js:238:16)\n    at done (/app/node_modules/raw-body/index.js:227:7)\n    at IncomingMessage.onEnd (/app/node_modules/raw-body/index.js:287:7)\n    at IncomingMessage.emit (node:events:524:28)\n    at endReadableNT (node:internal/streams/readable:1698:12)","timestamp":"2026-02-25 22:01:30"}
{"level":"info","message":"Redis connected","timestamp":"2026-02-25 22:06:46"}
{"level":"info","message":"Database connected","timestamp":"2026-02-25 22:06:46"}
{"level":"info","message":"Scoring worker started","timestamp":"2026-02-25 22:06:46"}
{"environment":"development","level":"info","message":"GovCon Platform server running","pid":31,"port":3001,"timestamp":"2026-02-25 22:06:46"}
{"code":"VALIDATION_ERROR","level":"warn","message":"Client error clientCompanyId is required","path":"/api/opportunities/%7BopportunityId%7D/score","statusCode":422,"timestamp":"2026-02-25 22:13:18"}
{"code":"VALIDATION_ERROR","level":"warn","message":"Client error clientCompanyId is required","path":"/api/opportunities/%7BopportunityId%7D/score","statusCode":422,"timestamp":"2026-02-25 22:15:23"}
{"code":"NOT_FOUND","level":"warn","message":"Client error Opportunity not found","path":"/api/opportunities/%7BopportunityId%7D/score","statusCode":404,"timestamp":"2026-02-25 22:16:54"}
{"code":"NOT_FOUND","level":"warn","message":"Client error Opportunity not found","path":"/api/opportunities/ingest","statusCode":404,"timestamp":"2026-02-26 01:45:40"}
{"level":"info","message":"Redis connected","timestamp":"2026-02-26 05:41:41"}
{"level":"info","message":"Database connected","timestamp":"2026-02-26 05:41:41"}
{"level":"info","message":"Scoring worker started","timestamp":"2026-02-26 05:41:41"}
{"environment":"development","level":"info","message":"GovCon Platform server running","pid":31,"port":3001,"timestamp":"2026-02-26 05:41:41"}
{"code":"VALIDATION_ERROR","level":"warn","message":"Client error clientCompanyId is required","path":"/api/opportunities/08fbbf9d-48cc-42e1-8bd2-4a836ab3b9e7/score","statusCode":422,"timestamp":"2026-02-26 05:47:32"}
{"consultingFirmId":"351bd807-2f5d-494d-8d4d-90b98a5e86b5","level":"info","message":"SAM.gov ingestion triggered","params":{"limit":5,"naicsCode":"484121"},"timestamp":"2026-02-26 05:48:40"}
{"level":"info","message":"SAM.gov search initiated","params":{"limit":5,"naicsCode":"484121","offset":0,"postedFrom":"2025-11-28","postedTo":"2026-02-26","status":"active"},"timestamp":"2026-02-26 05:48:40"}
{"level":"error","message":"SAM.gov API error Request failed with status code 404","status":404,"timestamp":"2026-02-26 05:48:40"}
{"error":"Request failed with status code 404","level":"error","message":"SAM.gov search failed","timestamp":"2026-02-26 05:48:40"}
{"level":"error","message":"Operational error SAM.gov API unavailable","method":"POST","path":"/api/opportunities/ingest","stack":"Error: SAM.gov API unavailable\n    at SamApiService.searchAndIngest (/app/src/services/samApi.ts:129:13)\n    at processTicksAndRejections (node:internal/process/task_queues:95:5)\n    at /app/src/routes/opportunities.ts:166:19","timestamp":"2026-02-26 05:48:40"}
{"level":"info","message":"Redis connected","timestamp":"2026-02-26 05:52:05"}
{"level":"info","message":"Database connected","timestamp":"2026-02-26 05:52:05"}
{"level":"info","message":"Scoring worker started","timestamp":"2026-02-26 05:52:05"}
{"environment":"development","level":"info","message":"GovCon Platform server running","pid":31,"port":3001,"timestamp":"2026-02-26 05:52:05"}
{"level":"info","message":"Redis connected","timestamp":"2026-02-26 05:56:10"}
{"level":"info","message":"Database connected","timestamp":"2026-02-26 05:56:10"}
{"level":"info","message":"Scoring worker started","timestamp":"2026-02-26 05:56:10"}
{"environment":"development","level":"info","message":"GovCon Platform server running","pid":31,"port":3001,"timestamp":"2026-02-26 05:56:10"}
{"code":"UNAUTHORIZED","level":"warn","message":"Client error Invalid token","path":"/api/opportunities/ingest","statusCode":401,"timestamp":"2026-02-26 05:59:15"}
{"code":"UNAUTHORIZED","level":"warn","message":"Client error Invalid token","path":"/api/opportunities/ingest","statusCode":401,"timestamp":"2026-02-26 06:00:00"}
{"code":"UNAUTHORIZED","level":"warn","message":"Client error Invalid token","path":"/api/opportunities/ingest","statusCode":401,"timestamp":"2026-02-26 06:01:32"}
{"code":"UNAUTHORIZED","level":"warn","message":"Client error Invalid token","path":"/api/opportunities/ingest","statusCode":401,"timestamp":"2026-02-26 06:02:18"}
{"consultingFirmId":"351bd807-2f5d-494d-8d4d-90b98a5e86b5","level":"info","message":"SAM.gov ingestion triggered","params":{"limit":5,"naicsCode":"484121"},"timestamp":"2026-02-26 06:02:32"}
{"level":"info","message":"SAM.gov search initiated","params":{"limit":5,"naicsCode":"484121","offset":0,"postedFrom":"2025-11-28","postedTo":"2026-02-26","status":"active"},"timestamp":"2026-02-26 06:02:32"}
{"level":"error","message":"SAM.gov API error Invalid Date Entered. Expected date format is MM/dd/yyyy","status":400,"timestamp":"2026-02-26 06:02:32"}
{"error":"Request failed with status code 400","level":"error","message":"SAM.gov search failed","timestamp":"2026-02-26 06:02:32"}
{"level":"error","message":"Operational error SAM.gov API unavailable","method":"POST","path":"/api/opportunities/ingest","stack":"Error: SAM.gov API unavailable\n    at SamApiService.searchAndIngest (/app/src/services/samApi.ts:129:13)\n    at processTicksAndRejections (node:internal/process/task_queues:95:5)\n    at /app/src/routes/opportunities.ts:166:19","timestamp":"2026-02-26 06:02:32"}
{"level":"info","message":"Redis connected","timestamp":"2026-02-26 06:06:50"}
{"level":"info","message":"Database connected","timestamp":"2026-02-26 06:06:50"}
{"level":"info","message":"Scoring worker started","timestamp":"2026-02-26 06:06:50"}
{"environment":"development","level":"info","message":"GovCon Platform server running","pid":31,"port":3001,"timestamp":"2026-02-26 06:06:50"}
{"code":"UNAUTHORIZED","level":"warn","message":"Client error Invalid token","path":"/api/opportunities/ingest","statusCode":401,"timestamp":"2026-02-26 06:07:53"}
{"level":"info","message":"Redis connected","timestamp":"2026-02-26 06:16:24"}
{"level":"info","message":"Database connected","timestamp":"2026-02-26 06:16:24"}
{"level":"info","message":"Scoring worker started","timestamp":"2026-02-26 06:16:24"}
{"environment":"development","level":"info","message":"GovCon Platform server running","pid":31,"port":3001,"timestamp":"2026-02-26 06:16:24"}
{"code":"UNAUTHORIZED","level":"warn","message":"Client error Invalid token","path":"/api/opportunities/ingest","statusCode":401,"timestamp":"2026-02-26 06:16:44"}
{"code":"UNAUTHORIZED","level":"warn","message":"Client error Invalid token","path":"/api/opportunities/ingest","statusCode":401,"timestamp":"2026-02-26 06:17:25"}
{"code":"UNAUTHORIZED","level":"warn","message":"Client error Invalid token","path":"/api/opportunities/ingest","statusCode":401,"timestamp":"2026-02-26 06:17:41"}
{"code":"UNAUTHORIZED","level":"warn","message":"Client error Invalid token","path":"/api/opportunities/ingest","statusCode":401,"timestamp":"2026-02-26 06:18:34"}
{"code":"UNAUTHORIZED","level":"warn","message":"Client error Invalid token","path":"/api/opportunities/ingest","statusCode":401,"timestamp":"2026-02-26 06:20:22"}
{"consultingFirmId":"351bd807-2f5d-494d-8d4d-90b98a5e86b5","level":"info","message":"SAM.gov ingestion triggered","params":{"limit":5,"naicsCode":"334519"},"timestamp":"2026-02-26 06:20:30"}
{"level":"info","message":"Calling SAM.gov API","naics":"334519","postedFrom":"01/01/2026","postedTo":"02/26/2026","timestamp":"2026-02-26 06:20:30"}
{"level":"error","message":"Prisma error \nInvalid `prisma.opportunity.create()` invocation in\n/app/src/services/samApi.ts:64:32\n\n  61 \n  62 if (exists) continue;\n  63 \n→ 64 await prisma.opportunity.create({\n       data: {\n         consultingFirmId: \"351bd807-2f5d-494d-8d4d-90b98a5e86b5\",\n         samNoticeId: \"ff989c10febb42be976d44f82746b4dc\",\n         title: \"Integrated PEM Fuel Cell Test Station\",\n         agency: \"DEPT OF DEFENSE.DEPT OF THE NAVY.ONR.ONR NRL.NAVAL RESEARCH LABORATORY\",\n         naicsCode: \"334519\",\n         setAsideType: \"SBA\",\n                       ~~~~~\n         marketCategory: \"SERVICES\",\n         estimatedValue: null,\n         responseDeadline: new Date(\"2026-02-26T20:00:00.000Z\"),\n         status: \"ACTIVE\",\n         probabilityScore: 0,\n         expectedValue: 0\n       }\n     })\n\nInvalid value for argument `setAsideType`. Expected SetAsideType.","timestamp":"2026-02-26 06:20:35"}
{"level":"error","message":"Unhandled error \nInvalid `prisma.opportunity.create()` invocation in\n/app/src/services/samApi.ts:64:32\n\n  61 \n  62 if (exists) continue;\n  63 \n→ 64 await prisma.opportunity.create({\n       data: {\n         consultingFirmId: \"351bd807-2f5d-494d-8d4d-90b98a5e86b5\",\n         samNoticeId: \"ff989c10febb42be976d44f82746b4dc\",\n         title: \"Integrated PEM Fuel Cell Test Station\",\n         agency: \"DEPT OF DEFENSE.DEPT OF THE NAVY.ONR.ONR NRL.NAVAL RESEARCH LABORATORY\",\n         naicsCode: \"334519\",\n         setAsideType: \"SBA\",\n                       ~~~~~\n         marketCategory: \"SERVICES\",\n         estimatedValue: null,\n         responseDeadline: new Date(\"2026-02-26T20:00:00.000Z\"),\n         status: \"ACTIVE\",\n         probabilityScore: 0,\n         expectedValue: 0\n       }\n     })\n\nInvalid value for argument `setAsideType`. Expected SetAsideType.","method":"POST","path":"/api/opportunities/ingest","stack":"PrismaClientValidationError: \nInvalid `prisma.opportunity.create()` invocation in\n/app/src/services/samApi.ts:64:32\n\n  61 \n  62 if (exists) continue;\n  63 \n→ 64 await prisma.opportunity.create({\n       data: {\n         consultingFirmId: \"351bd807-2f5d-494d-8d4d-90b98a5e86b5\",\n         samNoticeId: \"ff989c10febb42be976d44f82746b4dc\",\n         title: \"Integrated PEM Fuel Cell Test Station\",\n         agency: \"DEPT OF DEFENSE.DEPT OF THE NAVY.ONR.ONR NRL.NAVAL RESEARCH LABORATORY\",\n         naicsCode: \"334519\",\n         setAsideType: \"SBA\",\n                       ~~~~~\n         marketCategory: \"SERVICES\",\n         estimatedValue: null,\n         responseDeadline: new Date(\"2026-02-26T20:00:00.000Z\"),\n         status: \"ACTIVE\",\n         probabilityScore: 0,\n         expectedValue: 0\n       }\n     })\n\nInvalid value for argument `setAsideType`. Expected SetAsideType.\n    at wn (/app/node_modules/@prisma/client/runtime/library.js:29:1363)\n    at $n.handleRequestError (/app/node_modules/@prisma/client/runtime/library.js:121:6958)\n    at $n.handleAndLogRequestError (/app/node_modules/@prisma/client/runtime/library.js:121:6623)\n    at $n.request (/app/node_modules/@prisma/client/runtime/library.js:121:6307)\n    at l (/app/node_modules/@prisma/client/runtime/library.js:130:9633)\n    at Object.searchAndIngest (/app/src/services/samApi.ts:64:7)\n    at /app/src/routes/opportunities.ts:166:19","timestamp":"2026-02-26 06:20:35"}
{"level":"info","message":"Redis connected","timestamp":"2026-02-26 06:23:50"}
{"level":"info","message":"Database connected","timestamp":"2026-02-26 06:23:50"}
{"level":"info","message":"Scoring worker started","timestamp":"2026-02-26 06:23:50"}
{"environment":"development","level":"info","message":"GovCon Platform server running","pid":31,"port":3001,"timestamp":"2026-02-26 06:23:50"}
{"consultingFirmId":"351bd807-2f5d-494d-8d4d-90b98a5e86b5","level":"info","message":"SAM.gov ingestion triggered","params":{"limit":5,"naicsCode":"334519"},"timestamp":"2026-02-26 06:23:57"}
{"level":"info","message":"Calling SAM.gov API","naicsCode":"334519","postedFrom":"01/01/2026","postedTo":"02/26/2026","timestamp":"2026-02-26 06:23:57"}
{"jobId":"1","level":"info","message":"Scoring job started","opportunityId":"4449e2cc-e00a-4fdc-a21f-4791b26a2d12","timestamp":"2026-02-26 06:24:05"}
{"jobId":"2","level":"info","message":"Scoring job started","opportunityId":"5004086a-4117-4214-9d79-f4d73cb73ca2","timestamp":"2026-02-26 06:24:05"}
{"jobId":"3","level":"info","message":"Scoring job started","opportunityId":"97b1d14b-2d18-49b1-bfa0-5511885431a1","timestamp":"2026-02-26 06:24:05"}
{"jobId":"4","level":"info","message":"Scoring job started","opportunityId":"a111070c-0f52-4995-8f35-f8faac14f988","timestamp":"2026-02-26 06:24:05"}
{"jobId":"5","level":"info","message":"Scoring job started","opportunityId":"c33c4454-1945-425c-9b09-e14f26847e7a","timestamp":"2026-02-26 06:24:05"}
{"expectedValue":"0.00","level":"info","message":"Scoring job complete","opportunityId":"4449e2cc-e00a-4fdc-a21f-4791b26a2d12","probability":"0.3407","timestamp":"2026-02-26 06:24:05"}
{"expectedValue":"0.00","level":"info","message":"Scoring job complete","opportunityId":"c33c4454-1945-425c-9b09-e14f26847e7a","probability":"0.3407","timestamp":"2026-02-26 06:24:05"}
{"expectedValue":"0.00","level":"info","message":"Scoring job complete","opportunityId":"5004086a-4117-4214-9d79-f4d73cb73ca2","probability":"0.4700","timestamp":"2026-02-26 06:24:05"}
{"expectedValue":"0.00","level":"info","message":"Scoring job complete","opportunityId":"a111070c-0f52-4995-8f35-f8faac14f988","probability":"0.3407","timestamp":"2026-02-26 06:24:05"}
{"expectedValue":"0.00","level":"info","message":"Scoring job complete","opportunityId":"97b1d14b-2d18-49b1-bfa0-5511885431a1","probability":"0.3407","timestamp":"2026-02-26 06:24:05"}
{"level":"info","message":"Redis connected","timestamp":"2026-02-26 06:32:01"}
{"level":"info","message":"Database connected","timestamp":"2026-02-26 06:32:01"}
{"level":"info","message":"Scoring worker started","timestamp":"2026-02-26 06:32:01"}
{"environment":"development","level":"info","message":"GovCon Platform server running","pid":31,"port":3001,"timestamp":"2026-02-26 06:32:01"}
{"level":"info","message":"Redis connected","timestamp":"2026-02-26 06:32:42"}
{"level":"info","message":"Database connected","timestamp":"2026-02-26 06:32:42"}
{"level":"info","message":"Scoring worker started","timestamp":"2026-02-26 06:32:42"}
{"environment":"development","level":"info","message":"GovCon Platform server running","pid":31,"port":3001,"timestamp":"2026-02-26 06:32:42"}
{"level":"info","message":"Redis connected","timestamp":"2026-02-26 06:40:35"}
{"level":"info","message":"Database connected","timestamp":"2026-02-26 06:40:35"}
{"level":"info","message":"Scoring worker started","timestamp":"2026-02-26 06:40:35"}
{"environment":"development","level":"info","message":"GovCon Platform server running","pid":31,"port":3001,"timestamp":"2026-02-26 06:40:35"}
{"level":"info","message":"Redis connected","timestamp":"2026-02-26 07:37:17"}
{"level":"info","message":"Database connected","timestamp":"2026-02-26 07:37:18"}
{"level":"info","message":"Scoring worker started","timestamp":"2026-02-26 07:37:18"}
{"environment":"development","level":"info","message":"GovCon Platform server running","pid":31,"port":3001,"timestamp":"2026-02-26 07:37:18"}
{"code":"UNAUTHORIZED","level":"warn","message":"Client error No token provided","path":"/api/opportunities","statusCode":401,"timestamp":"2026-02-26 07:42:26"}
{"level":"info","message":"Redis connected","timestamp":"2026-02-26 07:48:01"}
{"level":"info","message":"Database connected","timestamp":"2026-02-26 07:48:01"}
{"level":"info","message":"Scoring worker started","timestamp":"2026-02-26 07:48:01"}
{"environment":"development","level":"info","message":"GovCon Platform server running","pid":31,"port":3001,"timestamp":"2026-02-26 07:48:01"}
{"level":"info","message":"Redis connected","timestamp":"2026-02-26 07:51:24"}
{"level":"info","message":"Database connected","timestamp":"2026-02-26 07:51:24"}
{"level":"info","message":"Scoring worker started","timestamp":"2026-02-26 07:51:24"}
{"environment":"development","level":"info","message":"GovCon Platform server running","pid":31,"port":3001,"timestamp":"2026-02-26 07:51:24"}
{"level":"info","message":"Redis connected","timestamp":"2026-02-26 08:15:32"}
{"level":"info","message":"Database connected","timestamp":"2026-02-26 08:15:32"}
{"level":"info","message":"Scoring worker started","timestamp":"2026-02-26 08:15:32"}
{"environment":"development","level":"info","message":"GovCon Platform server running","pid":32,"port":3001,"timestamp":"2026-02-26 08:15:33"}
{"level":"info","message":"Redis connected","timestamp":"2026-02-26 08:17:50"}
{"level":"info","message":"Database connected","timestamp":"2026-02-26 08:17:50"}
{"level":"info","message":"Scoring worker started","timestamp":"2026-02-26 08:17:50"}
{"environment":"development","level":"info","message":"GovCon Platform server running","pid":31,"port":3001,"timestamp":"2026-02-26 08:17:50"}
{"level":"info","message":"Redis connected","timestamp":"2026-02-26 08:48:24"}
{"level":"info","message":"Database connected","timestamp":"2026-02-26 08:48:25"}
{"level":"info","message":"Scoring worker started","timestamp":"2026-02-26 08:48:25"}
{"environment":"development","level":"info","message":"GovCon Platform server running","pid":31,"port":3001,"timestamp":"2026-02-26 08:48:25"}
{"level":"info","message":"Redis connected","timestamp":"2026-02-26 08:55:11"}
{"level":"info","message":"Database connected","timestamp":"2026-02-26 08:55:11"}
{"level":"info","message":"Scoring worker started","timestamp":"2026-02-26 08:55:11"}
{"environment":"development","level":"info","message":"GovCon Platform server running","pid":31,"port":3001,"timestamp":"2026-02-26 08:55:11"}
{"level":"info","message":"Redis connected","timestamp":"2026-03-03 13:11:37"}
{"level":"info","message":"Redis connected","timestamp":"2026-03-03 13:32:10"}
{"level":"info","message":"Redis connected","timestamp":"2026-03-03 15:23:55"}
{"level":"info","message":"Redis connected","timestamp":"2026-03-03 15:24:00"}
{"level":"info","message":"Redis connected","timestamp":"2026-03-03 15:24:53"}
{"level":"info","message":"Redis connected","timestamp":"2026-03-03 15:25:35"}
{"level":"info","message":"Redis connected","timestamp":"2026-03-03 15:25:40"}
{"level":"info","message":"Redis connected","timestamp":"2026-03-03 15:25:46"}
{"level":"info","message":"Redis connected","timestamp":"2026-03-03 15:26:00"}
{"level":"info","message":"Redis connected","timestamp":"2026-03-03 15:26:07"}
{"level":"info","message":"Redis connected","timestamp":"2026-03-03 15:34:09"}
{"level":"info","message":"Redis connected","timestamp":"2026-03-03 15:34:26"}
{"level":"info","message":"Redis connected","timestamp":"2026-03-03 15:34:32"}
{"level":"info","message":"Redis connected","timestamp":"2026-03-03 15:34:41"}
{"level":"info","message":"Redis connected","timestamp":"2026-03-03 15:34:46"}
{"level":"info","message":"Redis connected","timestamp":"2026-03-03 15:34:52"}
{"level":"info","message":"Redis connected","timestamp":"2026-03-03 15:34:57"}
{"level":"info","message":"Redis connected","timestamp":"2026-03-03 15:35:02"}
{"level":"info","message":"Redis connected","timestamp":"2026-03-03 15:35:09"}
